<?xml version="1.0" encoding="UTF-8"?>
<!-- Generated by org.testng.reporters.JUnitXMLReporter -->
<testsuite ignored="3" hostname="AKHIL" failures="1" tests="1" name="Default test(failed)(failed)" time="11.948" errors="0" timestamp="2023-05-09T16:00:50 IST">
  <testcase classname="TestScripts.GooglePageTest" name="SeleniumSerchTest" time="9.031">
    <failure type="java.lang.AssertionError" message="expected [Selenium Tutorial - Google Serch] but found [Selenium Tutorial - Google Search]">
      <![CDATA[java.lang.AssertionError: expected [Selenium Tutorial - Google Serch] but found [Selenium Tutorial - Google Search]
at TestScripts.GooglePageTest.SeleniumSerchTest(GooglePageTest.java:50)
at java.base/java.util.ArrayList.forEach(ArrayList.java:1511)
... Removed 33 stack frames]]>
    </failure>
  </testcase> <!-- SeleniumSerchTest -->
  <testcase classname="TestScripts.GooglePageTest" name="CucumberSerchTest" time="0.0">
    <ignored/>
  </testcase> <!-- CucumberSerchTest -->
  <testcase classname="TestScripts.GooglePageTest" name="JavaSearchTest" time="0.0">
    <ignored/>
  </testcase> <!-- JavaSearchTest -->
  <testcase classname="TestScripts.GooglePageTest" name="appiumSerchTest" time="0.0">
    <ignored/>
  </testcase> <!-- appiumSerchTest -->
</testsuite> <!-- Default test(failed)(failed) -->
